<?xml version="1.0" encoding="UTF-8"?>
<!-- Generated by org.testng.reporters.JUnitReportReporter -->
<testsuite hostname="IN1-1022880LT" name="MainRunner" tests="3" failures="0" timestamp="14 Sep 2018 12:03:32 GMT" time="32.446" errors="0">
  <testcase name="getNodePoolStatus" time="3.157" classname="MainRunner"/>
  <testcase name="isUrlReachable" time="4.728" classname="MainRunner"/>
  <testcase name="getBuildData" time="24.561" classname="MainRunner"/>
</testsuite> <!-- MainRunner -->
